<?xml version="1.0" encoding="UTF-8"?>
<!-- Generated by org.testng.reporters.JUnitReportReporter -->
<testsuite hostname="MOHIT" failures="0" tests="7" name="Test.SauceDemoTest" time="41.521" errors="0" timestamp="2024-11-17T16:54:02 IST" skipped="0">
  <testcase classname="Test.SauceDemoTest" name="validLoginAndAddToCartTest" time="5.586"/>
  <system-out/>
  <testcase classname="Test.SauceDemoTest" name="invalidLoginTest" time="5.968"/>
  <system-out/>
  <testcase classname="Test.SauceDemoTest" name="addMultipleProductsTest" time="5.935"/>
  <system-out/>
  <testcase classname="Test.SauceDemoTest" name="removeProductFromCartTest" time="4.609"/>
  <system-out/>
  <testcase classname="Test.SauceDemoTest" name="verifyCheckoutFlowTest" time="4.855"/>
  <system-out/>
  <testcase classname="Test.SauceDemoTest" name="validateProductSortingTest" time="4.712"/>
  <system-out/>
  <testcase classname="Test.SauceDemoTest" name="verifyLogoutTest" time="9.856"/>
  <system-out/>
</testsuite> <!-- Test.SauceDemoTest -->
